<?xml version="1.0" encoding="UTF-8"?>
<testsuite name="com.employeepayroll.services.DatabaseEmployeePayrollTest" tests="9" skipped="0" failures="0" errors="0" timestamp="2021-05-16T17:33:55" hostname="AVS-1997" time="1.167">
  <properties/>
  <testcase name="givenDateRange_WhenRetrieved_ShouldReturnEmployeeCount()" classname="com.employeepayroll.services.DatabaseEmployeePayrollTest" time="0.78"/>
  <testcase name="givenDateRange_WhenMinimumSalaryRetrievedGroupByGender_ShouldReturnMinimumSalaryByGender()" classname="com.employeepayroll.services.DatabaseEmployeePayrollTest" time="0.065"/>
  <testcase name="givenNewSalaryForEmployee_WhenUpdated_ShouldMatchWithDB()" classname="com.employeepayroll.services.DatabaseEmployeePayrollTest" time="0.126"/>
  <testcase name="givenNewEmployeeDetails_WhenGiven_ShouldBeAddedInDB_AndShouldSyncWithDb()" classname="com.employeepayroll.services.DatabaseEmployeePayrollTest" time="0.084"/>
  <testcase name="givenDateRange_WhenAverageSalaryRetrievedGroupByGender_ShouldReturnAverageSalaryByGender()" classname="com.employeepayroll.services.DatabaseEmployeePayrollTest" time="0.028"/>
  <testcase name="givenDateRange_WhenMaximumSalaryRetrievedGroupByGender_ShouldReturnMaximumSalaryByGender()" classname="com.employeepayroll.services.DatabaseEmployeePayrollTest" time="0.02"/>
  <testcase name="givenEmployeePayrollInDB_WhenRetrieved_ShouldMatchEmployeeCount()" classname="com.employeepayroll.services.DatabaseEmployeePayrollTest" time="0.014"/>
  <testcase name="givenDateRange_WhenRetrievedGroupByGender_ShouldReturnCountOfEmployeesByGender()" classname="com.employeepayroll.services.DatabaseEmployeePayrollTest" time="0.02"/>
  <testcase name="givenNewSalaryForEmployee_WhenUpdated_ShouldSyncWithDB()" classname="com.employeepayroll.services.DatabaseEmployeePayrollTest" time="0.019"/>
  <system-out><![CDATA[Connecting to database:jdbc:mysql://localhost:3306/employee_payroll_service?useSSL=false
Connection is successful!!!com.mysql.cj.jdbc.ConnectionImpl@fa0d516
Connecting to database:jdbc:mysql://localhost:3306/employee_payroll_service?useSSL=false
Connection is successful!!!com.mysql.cj.jdbc.ConnectionImpl@4052c42f
Connecting to database:jdbc:mysql://localhost:3306/employee_payroll_service?useSSL=false
Connection is successful!!!com.mysql.cj.jdbc.ConnectionImpl@1984798e
Connecting to database:jdbc:mysql://localhost:3306/employee_payroll_service?useSSL=false
Connection is successful!!!com.mysql.cj.jdbc.ConnectionImpl@2032bfb9
Connecting to database:jdbc:mysql://localhost:3306/employee_payroll_service?useSSL=false
Connection is successful!!!com.mysql.cj.jdbc.ConnectionImpl@4e968e6c
Connecting to database:jdbc:mysql://localhost:3306/employee_payroll_service?useSSL=false
Connection is successful!!!com.mysql.cj.jdbc.ConnectionImpl@77381fc1
Connecting to database:jdbc:mysql://localhost:3306/employee_payroll_service?useSSL=false
Connection is successful!!!com.mysql.cj.jdbc.ConnectionImpl@54797e3f
[id=1, salary=1000000.0, name='Bill', Basic Pay='0.0', startDate=2018-01-03}, id=2, salary=300000.0, name='Terisa', Basic Pay='300000.0', startDate=2019-11-13}, id=3, salary=3000000.0, name='Charlie', Basic Pay='0.0', startDate=2020-05-21}]
Connecting to database:jdbc:mysql://localhost:3306/employee_payroll_service?useSSL=false
Connection is successful!!!com.mysql.cj.jdbc.ConnectionImpl@6a940b4b
Connecting to database:jdbc:mysql://localhost:3306/employee_payroll_service?useSSL=false
Connection is successful!!!com.mysql.cj.jdbc.ConnectionImpl@32db21b2
[id=1, salary=1000000.0, name='Bill', Basic Pay='0.0', startDate=2018-01-03}, id=2, salary=300000.0, name='Terisa', Basic Pay='0.0', startDate=2019-11-13}, id=3, salary=3000000.0, name='Charlie', Basic Pay='0.0', startDate=2020-05-21}, null]
Connecting to database:jdbc:mysql://localhost:3306/employee_payroll_service?useSSL=false
Connection is successful!!!com.mysql.cj.jdbc.ConnectionImpl@25aae91f
Connecting to database:jdbc:mysql://localhost:3306/employee_payroll_service?useSSL=false
Connection is successful!!!com.mysql.cj.jdbc.ConnectionImpl@5e212969
Connecting to database:jdbc:mysql://localhost:3306/employee_payroll_service?useSSL=false
Connection is successful!!!com.mysql.cj.jdbc.ConnectionImpl@722cfd71
Connecting to database:jdbc:mysql://localhost:3306/employee_payroll_service?useSSL=false
Connection is successful!!!com.mysql.cj.jdbc.ConnectionImpl@72d7208d
Connecting to database:jdbc:mysql://localhost:3306/employee_payroll_service?useSSL=false
Connection is successful!!!com.mysql.cj.jdbc.ConnectionImpl@3270cd84
[id=1, salary=1000000.0, name='Bill', Basic Pay='0.0', startDate=2018-01-03}, id=2, salary=300000.0, name='Terisa', Basic Pay='0.0', startDate=2019-11-13}, id=3, salary=3000000.0, name='Charlie', Basic Pay='0.0', startDate=2020-05-21}]
Connecting to database:jdbc:mysql://localhost:3306/employee_payroll_service?useSSL=false
Connection is successful!!!com.mysql.cj.jdbc.ConnectionImpl@a8393a3
Connecting to database:jdbc:mysql://localhost:3306/employee_payroll_service?useSSL=false
Connection is successful!!!com.mysql.cj.jdbc.ConnectionImpl@7acc2574
Connecting to database:jdbc:mysql://localhost:3306/employee_payroll_service?useSSL=false
Connection is successful!!!com.mysql.cj.jdbc.ConnectionImpl@694ccbdf
Connecting to database:jdbc:mysql://localhost:3306/employee_payroll_service?useSSL=false
Connection is successful!!!com.mysql.cj.jdbc.ConnectionImpl@37fc3e96
[id=1, salary=1000000.0, name='Bill', Basic Pay='0.0', startDate=2018-01-03}, id=2, salary=300000.0, name='Terisa', Basic Pay='0.0', startDate=2019-11-13}, id=3, salary=3000000.0, name='Charlie', Basic Pay='0.0', startDate=2020-05-21}]
]]></system-out>
  <system-err><![CDATA[java.sql.SQLException: Field 'deductions' doesn't have a default value
	at com.mysql.cj.jdbc.exceptions.SQLError.createSQLException(SQLError.java:129)
	at com.mysql.cj.jdbc.exceptions.SQLExceptionsMapping.translateException(SQLExceptionsMapping.java:122)
	at com.mysql.cj.jdbc.StatementImpl.executeUpdateInternal(StatementImpl.java:1333)
	at com.mysql.cj.jdbc.StatementImpl.executeLargeUpdate(StatementImpl.java:2111)
	at com.mysql.cj.jdbc.StatementImpl.executeUpdate(StatementImpl.java:1338)
	at com.employeepayroll.services.EmployeePayrollDBService.addEmployeePayroll(EmployeePayrollDBService.java:320)
	at com.employeepayroll.services.EmployeePayrollService.addEmployeeToPayroll(EmployeePayrollService.java:109)
	at com.employeepayroll.services.DatabaseEmployeePayrollTest.givenNewEmployeeDetails_WhenGiven_ShouldBeAddedInDB_AndShouldSyncWithDb(DatabaseEmployeePayrollTest.java:91)
	at java.base/jdk.internal.reflect.NativeMethodAccessorImpl.invoke0(Native Method)
	at java.base/jdk.internal.reflect.NativeMethodAccessorImpl.invoke(NativeMethodAccessorImpl.java:64)
	at java.base/jdk.internal.reflect.DelegatingMethodAccessorImpl.invoke(DelegatingMethodAccessorImpl.java:43)
	at java.base/java.lang.reflect.Method.invoke(Method.java:564)
	at org.junit.platform.commons.util.ReflectionUtils.invokeMethod(ReflectionUtils.java:686)
	at org.junit.jupiter.engine.execution.MethodInvocation.proceed(MethodInvocation.java:60)
	at org.junit.jupiter.engine.execution.InvocationInterceptorChain$ValidatingInvocation.proceed(InvocationInterceptorChain.java:131)
	at org.junit.jupiter.engine.extension.TimeoutExtension.intercept(TimeoutExtension.java:149)
	at org.junit.jupiter.engine.extension.TimeoutExtension.interceptTestableMethod(TimeoutExtension.java:140)
	at org.junit.jupiter.engine.extension.TimeoutExtension.interceptTestMethod(TimeoutExtension.java:84)
	at org.junit.jupiter.engine.execution.ExecutableInvoker$ReflectiveInterceptorCall.lambda$ofVoidMethod$0(ExecutableInvoker.java:115)
	at org.junit.jupiter.engine.execution.ExecutableInvoker.lambda$invoke$0(ExecutableInvoker.java:105)
	at org.junit.jupiter.engine.execution.InvocationInterceptorChain$InterceptedInvocation.proceed(InvocationInterceptorChain.java:106)
	at org.junit.jupiter.engine.execution.InvocationInterceptorChain.proceed(InvocationInterceptorChain.java:64)
	at org.junit.jupiter.engine.execution.InvocationInterceptorChain.chainAndInvoke(InvocationInterceptorChain.java:45)
	at org.junit.jupiter.engine.execution.InvocationInterceptorChain.invoke(InvocationInterceptorChain.java:37)
	at org.junit.jupiter.engine.execution.ExecutableInvoker.invoke(ExecutableInvoker.java:104)
	at org.junit.jupiter.engine.execution.ExecutableInvoker.invoke(ExecutableInvoker.java:98)
	at org.junit.jupiter.engine.descriptor.TestMethodTestDescriptor.lambda$invokeTestMethod$6(TestMethodTestDescriptor.java:205)
	at org.junit.platform.engine.support.hierarchical.ThrowableCollector.execute(ThrowableCollector.java:73)
	at org.junit.jupiter.engine.descriptor.TestMethodTestDescriptor.invokeTestMethod(TestMethodTestDescriptor.java:201)
	at org.junit.jupiter.engine.descriptor.TestMethodTestDescriptor.execute(TestMethodTestDescriptor.java:137)
	at org.junit.jupiter.engine.descriptor.TestMethodTestDescriptor.execute(TestMethodTestDescriptor.java:71)
	at org.junit.platform.engine.support.hierarchical.NodeTestTask.lambda$executeRecursively$5(NodeTestTask.java:135)
	at org.junit.platform.engine.support.hierarchical.ThrowableCollector.execute(ThrowableCollector.java:73)
	at org.junit.platform.engine.support.hierarchical.NodeTestTask.lambda$executeRecursively$7(NodeTestTask.java:125)
	at org.junit.platform.engine.support.hierarchical.Node.around(Node.java:135)
	at org.junit.platform.engine.support.hierarchical.NodeTestTask.lambda$executeRecursively$8(NodeTestTask.java:123)
	at org.junit.platform.engine.support.hierarchical.ThrowableCollector.execute(ThrowableCollector.java:73)
	at org.junit.platform.engine.support.hierarchical.NodeTestTask.executeRecursively(NodeTestTask.java:122)
	at org.junit.platform.engine.support.hierarchical.NodeTestTask.execute(NodeTestTask.java:80)
	at java.base/java.util.ArrayList.forEach(ArrayList.java:1511)
	at org.junit.platform.engine.support.hierarchical.SameThreadHierarchicalTestExecutorService.invokeAll(SameThreadHierarchicalTestExecutorService.java:38)
	at org.junit.platform.engine.support.hierarchical.NodeTestTask.lambda$executeRecursively$5(NodeTestTask.java:139)
	at org.junit.platform.engine.support.hierarchical.ThrowableCollector.execute(ThrowableCollector.java:73)
	at org.junit.platform.engine.support.hierarchical.NodeTestTask.lambda$executeRecursively$7(NodeTestTask.java:125)
	at org.junit.platform.engine.support.hierarchical.Node.around(Node.java:135)
	at org.junit.platform.engine.support.hierarchical.NodeTestTask.lambda$executeRecursively$8(NodeTestTask.java:123)
	at org.junit.platform.engine.support.hierarchical.ThrowableCollector.execute(ThrowableCollector.java:73)
	at org.junit.platform.engine.support.hierarchical.NodeTestTask.executeRecursively(NodeTestTask.java:122)
	at org.junit.platform.engine.support.hierarchical.NodeTestTask.execute(NodeTestTask.java:80)
	at java.base/java.util.ArrayList.forEach(ArrayList.java:1511)
	at org.junit.platform.engine.support.hierarchical.SameThreadHierarchicalTestExecutorService.invokeAll(SameThreadHierarchicalTestExecutorService.java:38)
	at org.junit.platform.engine.support.hierarchical.NodeTestTask.lambda$executeRecursively$5(NodeTestTask.java:139)
	at org.junit.platform.engine.support.hierarchical.ThrowableCollector.execute(ThrowableCollector.java:73)
	at org.junit.platform.engine.support.hierarchical.NodeTestTask.lambda$executeRecursively$7(NodeTestTask.java:125)
	at org.junit.platform.engine.support.hierarchical.Node.around(Node.java:135)
	at org.junit.platform.engine.support.hierarchical.NodeTestTask.lambda$executeRecursively$8(NodeTestTask.java:123)
	at org.junit.platform.engine.support.hierarchical.ThrowableCollector.execute(ThrowableCollector.java:73)
	at org.junit.platform.engine.support.hierarchical.NodeTestTask.executeRecursively(NodeTestTask.java:122)
	at org.junit.platform.engine.support.hierarchical.NodeTestTask.execute(NodeTestTask.java:80)
	at org.junit.platform.engine.support.hierarchical.SameThreadHierarchicalTestExecutorService.submit(SameThreadHierarchicalTestExecutorService.java:32)
	at org.junit.platform.engine.support.hierarchical.HierarchicalTestExecutor.execute(HierarchicalTestExecutor.java:57)
	at org.junit.platform.engine.support.hierarchical.HierarchicalTestEngine.execute(HierarchicalTestEngine.java:51)
	at org.junit.platform.launcher.core.DefaultLauncher.execute(DefaultLauncher.java:248)
	at org.junit.platform.launcher.core.DefaultLauncher.lambda$execute$5(DefaultLauncher.java:211)
	at org.junit.platform.launcher.core.DefaultLauncher.withInterceptedStreams(DefaultLauncher.java:226)
	at org.junit.platform.launcher.core.DefaultLauncher.execute(DefaultLauncher.java:199)
	at org.junit.platform.launcher.core.DefaultLauncher.execute(DefaultLauncher.java:132)
	at org.gradle.api.internal.tasks.testing.junitplatform.JUnitPlatformTestClassProcessor$CollectAllTestClassesExecutor.processAllTestClasses(JUnitPlatformTestClassProcessor.java:99)
	at org.gradle.api.internal.tasks.testing.junitplatform.JUnitPlatformTestClassProcessor$CollectAllTestClassesExecutor.access$000(JUnitPlatformTestClassProcessor.java:79)
	at org.gradle.api.internal.tasks.testing.junitplatform.JUnitPlatformTestClassProcessor.stop(JUnitPlatformTestClassProcessor.java:75)
	at org.gradle.api.internal.tasks.testing.SuiteTestClassProcessor.stop(SuiteTestClassProcessor.java:61)
	at java.base/jdk.internal.reflect.NativeMethodAccessorImpl.invoke0(Native Method)
	at java.base/jdk.internal.reflect.NativeMethodAccessorImpl.invoke(NativeMethodAccessorImpl.java:64)
	at java.base/jdk.internal.reflect.DelegatingMethodAccessorImpl.invoke(DelegatingMethodAccessorImpl.java:43)
	at java.base/java.lang.reflect.Method.invoke(Method.java:564)
	at org.gradle.internal.dispatch.ReflectionDispatch.dispatch(ReflectionDispatch.java:36)
	at org.gradle.internal.dispatch.ReflectionDispatch.dispatch(ReflectionDispatch.java:24)
	at org.gradle.internal.dispatch.ContextClassLoaderDispatch.dispatch(ContextClassLoaderDispatch.java:33)
	at org.gradle.internal.dispatch.ProxyDispatchAdapter$DispatchingInvocationHandler.invoke(ProxyDispatchAdapter.java:94)
	at com.sun.proxy.$Proxy2.stop(Unknown Source)
	at org.gradle.api.internal.tasks.testing.worker.TestWorker.stop(TestWorker.java:133)
	at java.base/jdk.internal.reflect.NativeMethodAccessorImpl.invoke0(Native Method)
	at java.base/jdk.internal.reflect.NativeMethodAccessorImpl.invoke(NativeMethodAccessorImpl.java:64)
	at java.base/jdk.internal.reflect.DelegatingMethodAccessorImpl.invoke(DelegatingMethodAccessorImpl.java:43)
	at java.base/java.lang.reflect.Method.invoke(Method.java:564)
	at org.gradle.internal.dispatch.ReflectionDispatch.dispatch(ReflectionDispatch.java:36)
	at org.gradle.internal.dispatch.ReflectionDispatch.dispatch(ReflectionDispatch.java:24)
	at org.gradle.internal.remote.internal.hub.MessageHubBackedObjectConnection$DispatchWrapper.dispatch(MessageHubBackedObjectConnection.java:182)
	at org.gradle.internal.remote.internal.hub.MessageHubBackedObjectConnection$DispatchWrapper.dispatch(MessageHubBackedObjectConnection.java:164)
	at org.gradle.internal.remote.internal.hub.MessageHub$Handler.run(MessageHub.java:414)
	at org.gradle.internal.concurrent.ExecutorPolicy$CatchAndRecordFailures.onExecute(ExecutorPolicy.java:64)
	at org.gradle.internal.concurrent.ManagedExecutorImpl$1.run(ManagedExecutorImpl.java:48)
	at java.base/java.util.concurrent.ThreadPoolExecutor.runWorker(ThreadPoolExecutor.java:1130)
	at java.base/java.util.concurrent.ThreadPoolExecutor$Worker.run(ThreadPoolExecutor.java:630)
	at org.gradle.internal.concurrent.ThreadFactoryImpl$ManagedThreadRunnable.run(ThreadFactoryImpl.java:56)
	at java.base/java.lang.Thread.run(Thread.java:832)
]]></system-err>
</testsuite>
