<?xml version="1.0" encoding="UTF-8"?>
<testsuite name="com.employeepayroll.services.DatabaseEmployeePayrollTest" tests="2" skipped="0" failures="0" errors="0" timestamp="2021-05-06T16:36:36" hostname="AVS-1997" time="0.221">
  <properties/>
  <testcase name="givenEmployeePayrollInDB_WhenRetrieved_ShouldMatchEmployeeCount()" classname="com.employeepayroll.services.DatabaseEmployeePayrollTest" time="0.197"/>
  <testcase name="givenNewSalaryForEmployee_WhenUpdated_ShouldSyncWithDB()" classname="com.employeepayroll.services.DatabaseEmployeePayrollTest" time="0.023"/>
  <system-out><![CDATA[Connecting to database:jdbc:mysql://localhost:3306/payroll_service?useSSL=false
Connection is successful!!!com.mysql.cj.jdbc.ConnectionImpl@1d5dcc0f
[id=1, salary=1000000.0, name='Bill', startDate=2018-01-03}, id=2, salary=300000.0, name='Terisa', startDate=2019-11-13}, id=3, salary=3000000.0, name='Charlie', startDate=2020-05-21}]
Connecting to database:jdbc:mysql://localhost:3306/payroll_service?useSSL=false
Connection is successful!!!com.mysql.cj.jdbc.ConnectionImpl@2f5ad9dc
Connecting to database:jdbc:mysql://localhost:3306/payroll_service?useSSL=false
Connection is successful!!!com.mysql.cj.jdbc.ConnectionImpl@1ac0fa38
Connecting to database:jdbc:mysql://localhost:3306/payroll_service?useSSL=false
Connection is successful!!!com.mysql.cj.jdbc.ConnectionImpl@175b0d26
]]></system-out>
  <system-err><![CDATA[]]></system-err>
</testsuite>
