<?xml version="1.0" encoding="UTF-8"?>
<testsuite name="com.employeepayroll.services.DatabaseEmployeePayrollTest" tests="1" skipped="0" failures="0" errors="0" timestamp="2021-05-06T21:11:02" hostname="AVS-1997" time="0.313">
  <properties/>
  <testcase name="givenDateRange_WhenRetrievedGroupByGender_ShouldReturnCountOfEmployeesByGender()" classname="com.employeepayroll.services.DatabaseEmployeePayrollTest" time="0.313"/>
  <system-out><![CDATA[Connecting to database:jdbc:mysql://localhost:3306/payroll_service?useSSL=false
Connection is successful!!!com.mysql.cj.jdbc.ConnectionImpl@53ec2138
Connecting to database:jdbc:mysql://localhost:3306/payroll_service?useSSL=false
Connection is successful!!!com.mysql.cj.jdbc.ConnectionImpl@50eafc28
]]></system-out>
  <system-err><![CDATA[]]></system-err>
</testsuite>
